  DebugDraw.cpp
  DetourDebugDraw.cpp
  RecastDebugDraw.cpp
  RecastDump.cpp
  DetourCrowd.cpp
  DetourLocalBoundary.cpp
  DetourObstacleAvoidance.cpp
  DetourPathCorridor.cpp
C:\Users\jmper\Development\Workspace\KR\cocos2d-x-xbox\external\recast\DetourCrowd\DetourObstacleAvoidance.cpp(334,18): warning C4244: 'initializing': conversion from 'double' to 'float', possible loss of data
  DetourPathQueue.cpp
  DetourProximityGrid.cpp
  DetourTileCache.cpp
  DetourTileCacheBuilder.cpp
  DetourAlloc.cpp
  DetourCommon.cpp
  DetourNavMesh.cpp
  DetourNavMeshBuilder.cpp
  DetourNavMeshQuery.cpp
  DetourNode.cpp
  fastlz.c
  librecast.vcxproj -> C:\Users\jmper\Development\Workspace\KR\cocos2d-x-xbox\build\x64\Debug\librecast\librecast.lib
