c:\users\jmper\development\workspace\kr\cocos2d-x-xbox\external\recast\proj.win10\x64\debug\librecast.pdb
c:\users\jmper\development\workspace\kr\cocos2d-x-xbox\external\recast\proj.win10\x64\debug\fastlz.obj
c:\users\jmper\development\workspace\kr\cocos2d-x-xbox\external\recast\proj.win10\x64\debug\detourobstacleavoidance.obj
c:\users\jmper\development\workspace\kr\cocos2d-x-xbox\external\recast\proj.win10\x64\debug\detournavmeshbuilder.obj
c:\users\jmper\development\workspace\kr\cocos2d-x-xbox\external\recast\proj.win10\x64\debug\recastdump.obj
c:\users\jmper\development\workspace\kr\cocos2d-x-xbox\external\recast\proj.win10\x64\debug\detouralloc.obj
c:\users\jmper\development\workspace\kr\cocos2d-x-xbox\external\recast\proj.win10\x64\debug\detournavmeshquery.obj
c:\users\jmper\development\workspace\kr\cocos2d-x-xbox\external\recast\proj.win10\x64\debug\detourcrowd.obj
c:\users\jmper\development\workspace\kr\cocos2d-x-xbox\external\recast\proj.win10\x64\debug\detourtilecache.obj
c:\users\jmper\development\workspace\kr\cocos2d-x-xbox\external\recast\proj.win10\x64\debug\recastdebugdraw.obj
c:\users\jmper\development\workspace\kr\cocos2d-x-xbox\external\recast\proj.win10\x64\debug\detourcommon.obj
c:\users\jmper\development\workspace\kr\cocos2d-x-xbox\external\recast\proj.win10\x64\debug\detournode.obj
c:\users\jmper\development\workspace\kr\cocos2d-x-xbox\external\recast\proj.win10\x64\debug\detourlocalboundary.obj
c:\users\jmper\development\workspace\kr\cocos2d-x-xbox\external\recast\proj.win10\x64\debug\detourtilecachebuilder.obj
c:\users\jmper\development\workspace\kr\cocos2d-x-xbox\external\recast\proj.win10\x64\debug\detourpathcorridor.obj
c:\users\jmper\development\workspace\kr\cocos2d-x-xbox\external\recast\proj.win10\x64\debug\detournavmesh.obj
c:\users\jmper\development\workspace\kr\cocos2d-x-xbox\external\recast\proj.win10\x64\debug\detourdebugdraw.obj
c:\users\jmper\development\workspace\kr\cocos2d-x-xbox\external\recast\proj.win10\x64\debug\detourproximitygrid.obj
c:\users\jmper\development\workspace\kr\cocos2d-x-xbox\external\recast\proj.win10\x64\debug\debugdraw.obj
c:\users\jmper\development\workspace\kr\cocos2d-x-xbox\external\recast\proj.win10\x64\debug\detourpathqueue.obj
c:\users\jmper\development\workspace\kr\cocos2d-x-xbox\build\x64\debug\librecast\librecast.lib
c:\users\jmper\development\workspace\kr\cocos2d-x-xbox\build\x64\debug\librecast\librecast.pdb
c:\users\jmper\development\workspace\kr\cocos2d-x-xbox\external\recast\proj.win10\x64\debug\priconfig.xml
c:\users\jmper\development\workspace\kr\cocos2d-x-xbox\external\recast\proj.win10\x64\debug\priconfig.xml.intermediate
c:\users\jmper\development\workspace\kr\cocos2d-x-xbox\external\recast\proj.win10\x64\debug\unfiltered.layout.resfiles
c:\users\jmper\development\workspace\kr\cocos2d-x-xbox\external\recast\proj.win10\x64\debug\unfiltered.layout.resfiles.intermediate
c:\users\jmper\development\workspace\kr\cocos2d-x-xbox\external\recast\proj.win10\x64\debug\filtered.layout.resfiles
c:\users\jmper\development\workspace\kr\cocos2d-x-xbox\external\recast\proj.win10\x64\debug\filtered.layout.resfiles.intermediate
c:\users\jmper\development\workspace\kr\cocos2d-x-xbox\external\recast\proj.win10\x64\debug\excluded.layout.resfiles
c:\users\jmper\development\workspace\kr\cocos2d-x-xbox\external\recast\proj.win10\x64\debug\excluded.layout.resfiles.intermediate
c:\users\jmper\development\workspace\kr\cocos2d-x-xbox\external\recast\proj.win10\x64\debug\resources.resfiles
c:\users\jmper\development\workspace\kr\cocos2d-x-xbox\external\recast\proj.win10\x64\debug\resources.resfiles.intermediate
c:\users\jmper\development\workspace\kr\cocos2d-x-xbox\external\recast\proj.win10\x64\debug\pri.resfiles
c:\users\jmper\development\workspace\kr\cocos2d-x-xbox\external\recast\proj.win10\x64\debug\pri.resfiles.intermediate
c:\users\jmper\development\workspace\kr\cocos2d-x-xbox\build\x64\debug\librecast\librecast.pri
c:\users\jmper\development\workspace\kr\cocos2d-x-xbox\external\recast\proj.win10\x64\debug\qualifiers.txt
c:\users\jmper\development\workspace\kr\cocos2d-x-xbox\external\recast\proj.win10\x64\debug\qualifiers.txt.intermediate
c:\users\jmper\development\workspace\kr\cocos2d-x-xbox\external\recast\proj.win10\x64\debug\multiplequalifiersperdimensionfound.txt
c:\users\jmper\development\workspace\kr\cocos2d-x-xbox\external\recast\proj.win10\x64\debug\librecast.tlog\cl.command.1.tlog
c:\users\jmper\development\workspace\kr\cocos2d-x-xbox\external\recast\proj.win10\x64\debug\librecast.tlog\cl.read.1.tlog
c:\users\jmper\development\workspace\kr\cocos2d-x-xbox\external\recast\proj.win10\x64\debug\librecast.tlog\cl.write.1.tlog
c:\users\jmper\development\workspace\kr\cocos2d-x-xbox\external\recast\proj.win10\x64\debug\librecast.tlog\lib-link.read.1.tlog
c:\users\jmper\development\workspace\kr\cocos2d-x-xbox\external\recast\proj.win10\x64\debug\librecast.tlog\lib-link.write.1.tlog
c:\users\jmper\development\workspace\kr\cocos2d-x-xbox\external\recast\proj.win10\x64\debug\librecast.tlog\lib.command.1.tlog
c:\users\jmper\development\workspace\kr\cocos2d-x-xbox\external\recast\proj.win10\x64\debug\librecast.tlog\librecast.read.1u.tlog
c:\users\jmper\development\workspace\kr\cocos2d-x-xbox\external\recast\proj.win10\x64\debug\librecast.tlog\librecast.write.1u.tlog
