  DebugDraw.cpp
  DetourDebugDraw.cpp
  RecastDebugDraw.cpp
  RecastDump.cpp
  DetourCrowd.cpp
  DetourLocalBoundary.cpp
  DetourObstacleAvoidance.cpp
  DetourPathCorridor.cpp
c:\users\jmper\development\workspace\kr\cocos2d-x-xbox\external\recast\detourcrowd\detourobstacleavoidance.cpp(334): warning C4244: 'initializing': conversion from 'double' to 'float', possible loss of data
  DetourPathQueue.cpp
  DetourProximityGrid.cpp
  DetourTileCache.cpp
  DetourTileCacheBuilder.cpp
  DetourAlloc.cpp
  DetourCommon.cpp
  DetourNavMesh.cpp
  DetourNavMeshBuilder.cpp
  DetourNavMeshQuery.cpp
  DetourNode.cpp
  fastlz.c
  librecast.vcxproj -> C:\Users\jmper\Development\Workspace\KR\cocos2d-x-xbox\build\x64\Release\librecast\librecast.lib
