c:\users\jmper\development\workspace\kr\cocos2d-x-xbox\external\recast\proj.win10\x64\release\recastdump.obj
c:\users\jmper\development\workspace\kr\cocos2d-x-xbox\external\recast\proj.win10\x64\release\detourcommon.obj
c:\users\jmper\development\workspace\kr\cocos2d-x-xbox\external\recast\proj.win10\x64\release\detournode.obj
c:\users\jmper\development\workspace\kr\cocos2d-x-xbox\external\recast\proj.win10\x64\release\detourcrowd.obj
c:\users\jmper\development\workspace\kr\cocos2d-x-xbox\external\recast\proj.win10\x64\release\detourobstacleavoidance.obj
c:\users\jmper\development\workspace\kr\cocos2d-x-xbox\external\recast\proj.win10\x64\release\detournavmeshquery.obj
c:\users\jmper\development\workspace\kr\cocos2d-x-xbox\external\recast\proj.win10\x64\release\detourpathcorridor.obj
c:\users\jmper\development\workspace\kr\cocos2d-x-xbox\external\recast\proj.win10\x64\release\detouralloc.obj
c:\users\jmper\development\workspace\kr\cocos2d-x-xbox\external\recast\proj.win10\x64\release\detournavmesh.obj
c:\users\jmper\development\workspace\kr\cocos2d-x-xbox\external\recast\proj.win10\x64\release\debugdraw.obj
c:\users\jmper\development\workspace\kr\cocos2d-x-xbox\external\recast\proj.win10\x64\release\detourtilecache.obj
c:\users\jmper\development\workspace\kr\cocos2d-x-xbox\external\recast\proj.win10\x64\release\detourdebugdraw.obj
c:\users\jmper\development\workspace\kr\cocos2d-x-xbox\external\recast\proj.win10\x64\release\detourtilecachebuilder.obj
c:\users\jmper\development\workspace\kr\cocos2d-x-xbox\external\recast\proj.win10\x64\release\recastdebugdraw.obj
c:\users\jmper\development\workspace\kr\cocos2d-x-xbox\external\recast\proj.win10\x64\release\detourproximitygrid.obj
c:\users\jmper\development\workspace\kr\cocos2d-x-xbox\external\recast\proj.win10\x64\release\detourlocalboundary.obj
c:\users\jmper\development\workspace\kr\cocos2d-x-xbox\external\recast\proj.win10\x64\release\detourpathqueue.obj
c:\users\jmper\development\workspace\kr\cocos2d-x-xbox\external\recast\proj.win10\x64\release\detournavmeshbuilder.obj
c:\users\jmper\development\workspace\kr\cocos2d-x-xbox\external\recast\proj.win10\x64\release\librecast.pdb
c:\users\jmper\development\workspace\kr\cocos2d-x-xbox\external\recast\proj.win10\x64\release\fastlz.obj
c:\users\jmper\development\workspace\kr\cocos2d-x-xbox\build\x64\release\librecast\librecast.lib
c:\users\jmper\development\workspace\kr\cocos2d-x-xbox\external\recast\proj.win10\x64\release\priconfig.xml
c:\users\jmper\development\workspace\kr\cocos2d-x-xbox\external\recast\proj.win10\x64\release\priconfig.xml.intermediate
c:\users\jmper\development\workspace\kr\cocos2d-x-xbox\external\recast\proj.win10\x64\release\unfiltered.layout.resfiles
c:\users\jmper\development\workspace\kr\cocos2d-x-xbox\external\recast\proj.win10\x64\release\unfiltered.layout.resfiles.intermediate
c:\users\jmper\development\workspace\kr\cocos2d-x-xbox\external\recast\proj.win10\x64\release\filtered.layout.resfiles
c:\users\jmper\development\workspace\kr\cocos2d-x-xbox\external\recast\proj.win10\x64\release\filtered.layout.resfiles.intermediate
c:\users\jmper\development\workspace\kr\cocos2d-x-xbox\external\recast\proj.win10\x64\release\excluded.layout.resfiles
c:\users\jmper\development\workspace\kr\cocos2d-x-xbox\external\recast\proj.win10\x64\release\excluded.layout.resfiles.intermediate
c:\users\jmper\development\workspace\kr\cocos2d-x-xbox\external\recast\proj.win10\x64\release\resources.resfiles
c:\users\jmper\development\workspace\kr\cocos2d-x-xbox\external\recast\proj.win10\x64\release\resources.resfiles.intermediate
c:\users\jmper\development\workspace\kr\cocos2d-x-xbox\external\recast\proj.win10\x64\release\pri.resfiles
c:\users\jmper\development\workspace\kr\cocos2d-x-xbox\external\recast\proj.win10\x64\release\pri.resfiles.intermediate
c:\users\jmper\development\workspace\kr\cocos2d-x-xbox\build\x64\release\librecast\librecast.pri
c:\users\jmper\development\workspace\kr\cocos2d-x-xbox\external\recast\proj.win10\x64\release\qualifiers.txt
c:\users\jmper\development\workspace\kr\cocos2d-x-xbox\external\recast\proj.win10\x64\release\qualifiers.txt.intermediate
c:\users\jmper\development\workspace\kr\cocos2d-x-xbox\external\recast\proj.win10\x64\release\multiplequalifiersperdimensionfound.txt
c:\users\jmper\development\workspace\kr\cocos2d-x-xbox\external\recast\proj.win10\x64\release\librecast.tlog\cl.command.1.tlog
c:\users\jmper\development\workspace\kr\cocos2d-x-xbox\external\recast\proj.win10\x64\release\librecast.tlog\cl.read.1.tlog
c:\users\jmper\development\workspace\kr\cocos2d-x-xbox\external\recast\proj.win10\x64\release\librecast.tlog\cl.write.1.tlog
c:\users\jmper\development\workspace\kr\cocos2d-x-xbox\external\recast\proj.win10\x64\release\librecast.tlog\lib-link.read.1.tlog
c:\users\jmper\development\workspace\kr\cocos2d-x-xbox\external\recast\proj.win10\x64\release\librecast.tlog\lib-link.write.1.tlog
c:\users\jmper\development\workspace\kr\cocos2d-x-xbox\external\recast\proj.win10\x64\release\librecast.tlog\lib.command.1.tlog
c:\users\jmper\development\workspace\kr\cocos2d-x-xbox\external\recast\proj.win10\x64\release\librecast.tlog\librecast.read.1u.tlog
c:\users\jmper\development\workspace\kr\cocos2d-x-xbox\external\recast\proj.win10\x64\release\librecast.tlog\librecast.write.1u.tlog
